{"numFailedTestSuites":1,"numFailedTests":1,"numPassedTestSuites":0,"numPassedTests":2,"numPendingTestSuites":0,"numPendingTests":0,"numRuntimeErrorTestSuites":0,"numTodoTests":0,"numTotalTestSuites":1,"numTotalTests":3,"openHandles":[],"snapshot":{"added":0,"didUpdate":false,"failure":false,"filesAdded":0,"filesRemoved":0,"filesRemovedList":[],"filesUnmatched":0,"filesUpdated":0,"matched":0,"total":0,"unchecked":0,"uncheckedKeysByFile":[],"unmatched":0,"updated":0},"startTime":1773229779909,"success":false,"testResults":[{"assertionResults":[{"ancestorTitles":["POST /api/analyze"],"duration":78,"failing":false,"failureDetails":[],"failureMessages":[],"fullName":"POST /api/analyze should return 400 if no file is uploaded","invocations":1,"location":null,"numPassingAsserts":2,"retryReasons":[],"startAt":1773229785414,"status":"passed","title":"should return 400 if no file is uploaded"},{"ancestorTitles":["POST /api/analyze"],"duration":56,"failing":false,"failureDetails":[{"matcherResult":{"actual":500,"expected":400,"message":"\u001b[2mexpect(\u001b[22m\u001b[31mreceived\u001b[39m\u001b[2m).\u001b[22mtoEqual\u001b[2m(\u001b[22m\u001b[32mexpected\u001b[39m\u001b[2m) // deep equality\u001b[22m\n\nExpected: \u001b[32m400\u001b[39m\nReceived: \u001b[31m500\u001b[39m","name":"toEqual","pass":false}}],"failureMessages":["Error: \u001b[2mexpect(\u001b[22m\u001b[31mreceived\u001b[39m\u001b[2m).\u001b[22mtoEqual\u001b[2m(\u001b[22m\u001b[32mexpected\u001b[39m\u001b[2m) // deep equality\u001b[22m\n\nExpected: \u001b[32m400\u001b[39m\nReceived: \u001b[31m500\u001b[39m\n    at D:\\PersonalWork\\SPA_Rabbitt\\backend\\tests\\index.test.ts:14:32\n    at Generator.next (<anonymous>)\n    at fulfilled (D:\\PersonalWork\\SPA_Rabbitt\\backend\\tests\\index.test.ts:5:58)\n    at processTicksAndRejections (node:internal/process/task_queues:95:5)"],"fullName":"POST /api/analyze should return 400 if no email is provided","invocations":1,"location":null,"numPassingAsserts":0,"retryReasons":[],"startAt":1773229785494,"status":"failed","title":"should return 400 if no email is provided"},{"ancestorTitles":["GET /health"],"duration":11,"failing":false,"failureDetails":[],"failureMessages":[],"fullName":"GET /health should return 200 OK","invocations":1,"location":null,"numPassingAsserts":2,"retryReasons":[],"startAt":1773229785559,"status":"passed","title":"should return 200 OK"}],"endTime":1773229785589,"message":"\u001b[1m\u001b[31m  \u001b[1m● \u001b[22m\u001b[1mPOST /api/analyze › should return 400 if no email is provided\u001b[39m\u001b[22m\n\n    \u001b[2mexpect(\u001b[22m\u001b[31mreceived\u001b[39m\u001b[2m).\u001b[22mtoEqual\u001b[2m(\u001b[22m\u001b[32mexpected\u001b[39m\u001b[2m) // deep equality\u001b[22m\n\n    Expected: \u001b[32m400\u001b[39m\n    Received: \u001b[31m500\u001b[39m\n\u001b[2m\u001b[22m\n\u001b[2m    \u001b[0m \u001b[90m 12 |\u001b[39m     it(\u001b[32m'should return 400 if no email is provided'\u001b[39m\u001b[33m,\u001b[39m \u001b[36masync\u001b[39m () \u001b[33m=>\u001b[39m {\u001b[22m\n\u001b[2m     \u001b[90m 13 |\u001b[39m         \u001b[36mconst\u001b[39m res \u001b[33m=\u001b[39m \u001b[36mawait\u001b[39m request(app)\u001b[33m.\u001b[39mpost(\u001b[32m'/api/analyze'\u001b[39m)\u001b[33m;\u001b[39m \u001b[90m// No fields attached\u001b[39m\u001b[22m\n\u001b[2m    \u001b[31m\u001b[1m>\u001b[22m\u001b[2m\u001b[39m\u001b[90m 14 |\u001b[39m         expect(res\u001b[33m.\u001b[39mstatusCode)\u001b[33m.\u001b[39mtoEqual(\u001b[35m400\u001b[39m)\u001b[33m;\u001b[39m\u001b[22m\n\u001b[2m     \u001b[90m    |\u001b[39m                                \u001b[31m\u001b[1m^\u001b[22m\u001b[2m\u001b[39m\u001b[22m\n\u001b[2m     \u001b[90m 15 |\u001b[39m         \u001b[90m// Note: The error order might vary based on implementation, so check either file or email error\u001b[39m\u001b[22m\n\u001b[2m     \u001b[90m 16 |\u001b[39m         expect(res\u001b[33m.\u001b[39mbody\u001b[33m.\u001b[39merror)\u001b[33m.\u001b[39mtoBeDefined()\u001b[33m;\u001b[39m \u001b[22m\n\u001b[2m     \u001b[90m 17 |\u001b[39m     })\u001b[33m;\u001b[39m\u001b[0m\u001b[22m\n\u001b[2m\u001b[22m\n\u001b[2m      \u001b[2mat \u001b[22m\u001b[2m\u001b[0m\u001b[36mtests/index.test.ts\u001b[39m\u001b[0m\u001b[2m:14:32\u001b[22m\u001b[2m\u001b[22m\n\u001b[2m      \u001b[2mat fulfilled (\u001b[22m\u001b[2m\u001b[0m\u001b[36mtests/index.test.ts\u001b[39m\u001b[0m\u001b[2m:5:58)\u001b[22m\u001b[2m\u001b[22m\n","name":"D:\\PersonalWork\\SPA_Rabbitt\\backend\\tests\\index.test.ts","startTime":1773229780094,"status":"failed","summary":""}],"wasInterrupted":false}
